[0mGET /api/blog/list [33m404 [0m43.230 ms - 41[0m
[0mGET /api/allBlog [36m304 [0m335.381 ms - -[0m
[0mPOST /api/addblog [32m200 [0m38.689 ms - 28[0m
::1 - - [26/May/2019:02:59:41 +0000] "GET /api/allBlog HTTP/1.1" 304 - "-" "Mozilla/5.0 (Windows NT 10.0; Win64; x64) AppleWebKit/537.36 (KHTML, like Gecko) Chrome/74.0.3729.108 Safari/537.36"
::1 - - [26/May/2019:02:59:41 +0000] "GET /api/allBlog HTTP/1.1" 304 - "-" "Mozilla/5.0 (Windows NT 10.0; Win64; x64) AppleWebKit/537.36 (KHTML, like Gecko) Chrome/74.0.3729.108 Safari/537.36"
::1 - - [26/May/2019:02:59:42 +0000] "GET /api/allBlog HTTP/1.1" 304 - "-" "Mozilla/5.0 (Windows NT 10.0; Win64; x64) AppleWebKit/537.36 (KHTML, like Gecko) Chrome/74.0.3729.108 Safari/537.36"
::1 - - [26/May/2019:02:59:45 +0000] "POST /api/addblog HTTP/1.1" 200 28 "-" "PostmanRuntime/7.1.1"
::1 - - [26/May/2019:02:59:46 +0000] "POST /api/addblog HTTP/1.1" 200 28 "-" "PostmanRuntime/7.1.1"
::1 - - [26/May/2019:03:03:25 +0000] "POST /api/addblog HTTP/1.1" 200 28 "-" "PostmanRuntime/7.1.1"
::1 - - [26/May/2019:03:03:52 +0000] "POST /api/addblog HTTP/1.1" 200 28 "-" "PostmanRuntime/7.1.1"
::1 - - [26/May/2019:07:16:34 +0000] "GET /api/allBlog HTTP/1.1" 200 782 "-" "Mozilla/5.0 (Windows NT 10.0; Win64; x64) AppleWebKit/537.36 (KHTML, like Gecko) Chrome/74.0.3729.108 Safari/537.36"
::1 - - [26/May/2019:07:16:55 +0000] "GET /api/allBlog HTTP/1.1" 304 - "-" "Mozilla/5.0 (Windows NT 10.0; Win64; x64) AppleWebKit/537.36 (KHTML, like Gecko) Chrome/74.0.3729.108 Safari/537.36"
::1 - - [26/May/2019:07:17:22 +0000] "GET /api/allBlog HTTP/1.1" 304 - "-" "Mozilla/5.0 (Windows NT 10.0; Win64; x64) AppleWebKit/537.36 (KHTML, like Gecko) Chrome/74.0.3729.108 Safari/537.36"
::1 - - [26/May/2019:07:24:40 +0000] "GET /api/allBlog HTTP/1.1" 304 - "-" "Mozilla/5.0 (Windows NT 10.0; Win64; x64) AppleWebKit/537.36 (KHTML, like Gecko) Chrome/74.0.3729.108 Safari/537.36"
::1 - - [26/May/2019:07:24:56 +0000] "GET /api/allBlog HTTP/1.1" 304 - "-" "Mozilla/5.0 (Windows NT 10.0; Win64; x64) AppleWebKit/537.36 (KHTML, like Gecko) Chrome/74.0.3729.108 Safari/537.36"
::1 - - [26/May/2019:07:30:09 +0000] "GET /api/allBlog HTTP/1.1" 304 - "-" "Mozilla/5.0 (Windows NT 10.0; Win64; x64) AppleWebKit/537.36 (KHTML, like Gecko) Chrome/74.0.3729.108 Safari/537.36"
::1 - - [26/May/2019:07:30:32 +0000] "GET /api/allBlog HTTP/1.1" 304 - "-" "Mozilla/5.0 (Windows NT 10.0; Win64; x64) AppleWebKit/537.36 (KHTML, like Gecko) Chrome/74.0.3729.108 Safari/537.36"
::1 - - [26/May/2019:07:30:33 +0000] "GET /api/allBlog HTTP/1.1" 304 - "-" "Mozilla/5.0 (Windows NT 10.0; Win64; x64) AppleWebKit/537.36 (KHTML, like Gecko) Chrome/74.0.3729.108 Safari/537.36"
::1 - - [26/May/2019:07:30:34 +0000] "GET /api/allBlog HTTP/1.1" 304 - "-" "Mozilla/5.0 (Windows NT 10.0; Win64; x64) AppleWebKit/537.36 (KHTML, like Gecko) Chrome/74.0.3729.108 Safari/537.36"
::1 - - [26/May/2019:07:30:34 +0000] "GET /api/allBlog HTTP/1.1" 304 - "-" "Mozilla/5.0 (Windows NT 10.0; Win64; x64) AppleWebKit/537.36 (KHTML, like Gecko) Chrome/74.0.3729.108 Safari/537.36"
::1 - - [26/May/2019:07:31:01 +0000] "GET /api/allBlog HTTP/1.1" 304 - "-" "Mozilla/5.0 (Windows NT 10.0; Win64; x64) AppleWebKit/537.36 (KHTML, like Gecko) Chrome/74.0.3729.108 Safari/537.36"
::1 - - [26/May/2019:07:31:01 +0000] "GET /api/allBlog HTTP/1.1" 304 - "-" "Mozilla/5.0 (Windows NT 10.0; Win64; x64) AppleWebKit/537.36 (KHTML, like Gecko) Chrome/74.0.3729.108 Safari/537.36"
::1 - - [26/May/2019:07:31:04 +0000] "GET /api/allBlog HTTP/1.1" 304 - "-" "Mozilla/5.0 (Windows NT 10.0; Win64; x64) AppleWebKit/537.36 (KHTML, like Gecko) Chrome/74.0.3729.108 Safari/537.36"
::1 - - [26/May/2019:07:31:05 +0000] "GET /api/allBlog HTTP/1.1" 304 - "-" "Mozilla/5.0 (Windows NT 10.0; Win64; x64) AppleWebKit/537.36 (KHTML, like Gecko) Chrome/74.0.3729.108 Safari/537.36"
::1 - - [26/May/2019:07:32:46 +0000] "GET /api/allBlog HTTP/1.1" 304 - "-" "Mozilla/5.0 (Windows NT 10.0; Win64; x64) AppleWebKit/537.36 (KHTML, like Gecko) Chrome/74.0.3729.108 Safari/537.36"
::1 - - [26/May/2019:07:32:47 +0000] "GET /api/allBlog HTTP/1.1" 304 - "-" "Mozilla/5.0 (Windows NT 10.0; Win64; x64) AppleWebKit/537.36 (KHTML, like Gecko) Chrome/74.0.3729.108 Safari/537.36"
::1 - - [26/May/2019:07:34:49 +0000] "GET /api/allBlog HTTP/1.1" 304 - "-" "Mozilla/5.0 (Windows NT 10.0; Win64; x64) AppleWebKit/537.36 (KHTML, like Gecko) Chrome/74.0.3729.108 Safari/537.36"
::1 - - [26/May/2019:07:35:23 +0000] "GET /api/allBlog HTTP/1.1" 304 - "-" "Mozilla/5.0 (Windows NT 10.0; Win64; x64) AppleWebKit/537.36 (KHTML, like Gecko) Chrome/74.0.3729.108 Safari/537.36"
::1 - - [26/May/2019:07:36:21 +0000] "GET /api/allBlog HTTP/1.1" 304 - "-" "Mozilla/5.0 (Windows NT 10.0; Win64; x64) AppleWebKit/537.36 (KHTML, like Gecko) Chrome/74.0.3729.108 Safari/537.36"
::1 - - [26/May/2019:07:37:23 +0000] "GET /api/allBlog HTTP/1.1" 304 - "-" "Mozilla/5.0 (Windows NT 10.0; Win64; x64) AppleWebKit/537.36 (KHTML, like Gecko) Chrome/74.0.3729.108 Safari/537.36"
::1 - - [26/May/2019:07:39:07 +0000] "GET /api/allBlog HTTP/1.1" 304 - "-" "Mozilla/5.0 (Windows NT 10.0; Win64; x64) AppleWebKit/537.36 (KHTML, like Gecko) Chrome/74.0.3729.108 Safari/537.36"
::1 - - [26/May/2019:07:39:35 +0000] "GET /api/allBlog HTTP/1.1" 304 - "-" "Mozilla/5.0 (Windows NT 10.0; Win64; x64) AppleWebKit/537.36 (KHTML, like Gecko) Chrome/74.0.3729.108 Safari/537.36"
::1 - - [26/May/2019:07:39:58 +0000] "GET /api/allBlog HTTP/1.1" 304 - "-" "Mozilla/5.0 (Windows NT 10.0; Win64; x64) AppleWebKit/537.36 (KHTML, like Gecko) Chrome/74.0.3729.108 Safari/537.36"
::1 - - [26/May/2019:07:41:10 +0000] "GET /api/allBlog HTTP/1.1" 304 - "-" "Mozilla/5.0 (Windows NT 10.0; Win64; x64) AppleWebKit/537.36 (KHTML, like Gecko) Chrome/74.0.3729.108 Safari/537.36"
::1 - - [26/May/2019:08:13:41 +0000] "GET /api/allBlog HTTP/1.1" 304 - "-" "Mozilla/5.0 (Windows NT 10.0; Win64; x64) AppleWebKit/537.36 (KHTML, like Gecko) Chrome/74.0.3729.108 Safari/537.36"
::1 - - [26/May/2019:08:14:06 +0000] "GET /api/allBlog HTTP/1.1" 304 - "-" "Mozilla/5.0 (Windows NT 10.0; Win64; x64) AppleWebKit/537.36 (KHTML, like Gecko) Chrome/74.0.3729.108 Safari/537.36"
::1 - - [26/May/2019:08:15:34 +0000] "GET /api/allBlog HTTP/1.1" 200 782 "-" "Mozilla/5.0 (Windows NT 10.0; Win64; x64; rv:64.0) Gecko/20100101 Firefox/64.0"
::1 - - [26/May/2019:08:17:52 +0000] "GET /api/allBlog HTTP/1.1" 304 - "-" "Mozilla/5.0 (Windows NT 10.0; Win64; x64) AppleWebKit/537.36 (KHTML, like Gecko) Chrome/74.0.3729.108 Safari/537.36"
